<?xml version="1.0" encoding="UTF-8"?>
<!-- Generated by org.testng.reporters.JUnitReportReporter -->
<testsuite hostname="user" failures="0" tests="1" name="testcases.OrangeHRM_TestCase" time="27.760" errors="0" timestamp="2024-01-31T19:36:45 IST" skipped="0">
  <testcase classname="testcases.OrangeHRM_TestCase" name="init" time="27.760"/>
</testsuite> <!-- testcases.OrangeHRM_TestCase -->
